# JRE version: Java(TM) SE Runtime Environment 18.9 (11.0.14+8) (build 11.0.14+8-LTS-263)
# Java VM: Java HotSpot(TM) 64-Bit Server VM 18.9 (11.0.14+8-LTS-263, mixed mode, tiered, compressed oops, g1 gc, windows-amd64)
Heap:
 garbage-first heap   total 342016K, used 272949K [0x0000000080000000, 0x0000000100000000)
  region size 1024K, 9 young (9216K), 2 survivors (2048K)
 Metaspace       used 137482K, capacity 142525K, committed 142620K, reserved 645120K
  class space    used 17893K, capacity 19809K, committed 19872K, reserved 516096K
GC Heap History (10 events):
Event: 66.866 GC heap before
{Heap before GC invocations=57 (full 0):
 garbage-first heap   total 342016K, used 293880K [0x0000000080000000, 0x0000000100000000)
  region size 1024K, 58 young (59392K), 7 survivors (7168K)
 Metaspace       used 128689K, capacity 133383K, committed 133660K, reserved 632832K
  class space    used 16654K, capacity 18465K, committed 18592K, reserved 516096K
}
Event: 66.883 GC heap after
{Heap after GC invocations=58 (full 0):
 garbage-first heap   total 342016K, used 252860K [0x0000000080000000, 0x0000000100000000)
  region size 1024K, 8 young (8192K), 8 survivors (8192K)
 Metaspace       used 128689K, capacity 133383K, committed 133660K, reserved 632832K
  class space    used 16654K, capacity 18465K, committed 18592K, reserved 516096K
}
Event: 69.370 GC heap before
{Heap before GC invocations=58 (full 0):
 garbage-first heap   total 342016K, used 294844K [0x0000000080000000, 0x0000000100000000)
  region size 1024K, 46 young (47104K), 8 survivors (8192K)
 Metaspace       used 129359K, capacity 134038K, committed 134172K, reserved 632832K
  class space    used 16735K, capacity 18535K, committed 18592K, reserved 516096K
}
Event: 69.382 GC heap after
{Heap after GC invocations=59 (full 0):
 garbage-first heap   total 342016K, used 257714K [0x0000000080000000, 0x0000000100000000)
  region size 1024K, 5 young (5120K), 5 survivors (5120K)
 Metaspace       used 129359K, capacity 134038K, committed 134172K, reserved 632832K
  class space    used 16735K, capacity 18535K, committed 18592K, reserved 516096K
}
Event: 71.004 GC heap before
{Heap before GC invocations=59 (full 0):
 garbage-first heap   total 342016K, used 291506K [0x0000000080000000, 0x0000000100000000)
  region size 1024K, 39 young (39936K), 5 survivors (5120K)
 Metaspace       used 129740K, capacity 134591K, committed 134812K, reserved 632832K
  class space    used 16780K, capacity 18618K, committed 18720K, reserved 516096K
}
Event: 71.010 GC heap after
{Heap after GC invocations=60 (full 0):
 garbage-first heap   total 342016K, used 260096K [0x0000000080000000, 0x0000000100000000)
  region size 1024K, 3 young (3072K), 3 survivors (3072K)
 Metaspace       used 129740K, capacity 134591K, committed 134812K, reserved 632832K
  class space    used 16780K, capacity 18618K, committed 18720K, reserved 516096K
}
Event: 72.085 GC heap before
{Heap before GC invocations=60 (full 0):
 garbage-first heap   total 342016K, used 300032K [0x0000000080000000, 0x0000000100000000)
  region size 1024K, 37 young (37888K), 3 survivors (3072K)
 Metaspace       used 131269K, capacity 136120K, committed 136220K, reserved 634880K
  class space    used 16999K, capacity 18829K, committed 18848K, reserved 516096K
}
Event: 72.091 GC heap after
{Heap after GC invocations=61 (full 0):
 garbage-first heap   total 342016K, used 265712K [0x0000000080000000, 0x0000000100000000)
  region size 1024K, 4 young (4096K), 4 survivors (4096K)
 Metaspace       used 131269K, capacity 136120K, committed 136220K, reserved 634880K
  class space    used 16999K, capacity 18829K, committed 18848K, reserved 516096K
}
Event: 73.203 GC heap before
{Heap before GC invocations=61 (full 0):
 garbage-first heap   total 342016K, used 295408K [0x0000000080000000, 0x0000000100000000)
  region size 1024K, 34 young (34816K), 4 survivors (4096K)
 Metaspace       used 136298K, capacity 141271K, committed 141340K, reserved 645120K
  class space    used 17683K, capacity 19600K, committed 19616K, reserved 516096K
}
Event: 73.208 GC heap after
{Heap after GC invocations=62 (full 0):
 garbage-first heap   total 342016K, used 266805K [0x0000000080000000, 0x0000000100000000)
  region size 1024K, 2 young (2048K), 2 survivors (2048K)
 Metaspace       used 136298K, capacity 141271K, committed 141340K, reserved 645120K
  class space    used 17683K, capacity 19600K, committed 19616K, reserved 516096K
}

