# JRE version: Java(TM) SE Runtime Environment 18.9 (11.0.14+8) (build 11.0.14+8-LTS-263)
# Java VM: Java HotSpot(TM) 64-Bit Server VM 18.9 (11.0.14+8-LTS-263, mixed mode, tiered, compressed oops, g1 gc, windows-amd64)
Heap:
 garbage-first heap   total 65536K, used 15430K [0x00000000fc000000, 0x0000000100000000)
  region size 1024K, 9 young (9216K), 4 survivors (4096K)
 Metaspace       used 17417K, capacity 17749K, committed 18048K, reserved 1064960K
  class space    used 1951K, capacity 2096K, committed 2176K, reserved 1048576K
GC Heap History (6 events):
Event: 0.934 GC heap before
{Heap before GC invocations=0 (full 0):
 garbage-first heap   total 65536K, used 16384K [0x00000000fc000000, 0x0000000100000000)
  region size 1024K, 14 young (14336K), 0 survivors (0K)
 Metaspace       used 7441K, capacity 7632K, committed 7680K, reserved 1056768K
  class space    used 658K, capacity 754K, committed 768K, reserved 1048576K
}
Event: 0.940 GC heap after
{Heap after GC invocations=1 (full 0):
 garbage-first heap   total 65536K, used 3325K [0x00000000fc000000, 0x0000000100000000)
  region size 1024K, 2 young (2048K), 2 survivors (2048K)
 Metaspace       used 7441K, capacity 7632K, committed 7680K, reserved 1056768K
  class space    used 658K, capacity 754K, committed 768K, reserved 1048576K
}
Event: 1.532 GC heap before
{Heap before GC invocations=1 (full 0):
 garbage-first heap   total 65536K, used 18685K [0x00000000fc000000, 0x0000000100000000)
  region size 1024K, 14 young (14336K), 2 survivors (2048K)
 Metaspace       used 10316K, capacity 10533K, committed 10752K, reserved 1058816K
  class space    used 1080K, capacity 1172K, committed 1280K, reserved 1048576K
}
Event: 1.536 GC heap after
{Heap after GC invocations=2 (full 0):
 garbage-first heap   total 65536K, used 9697K [0x00000000fc000000, 0x0000000100000000)
  region size 1024K, 2 young (2048K), 2 survivors (2048K)
 Metaspace       used 10316K, capacity 10533K, committed 10752K, reserved 1058816K
  class space    used 1080K, capacity 1172K, committed 1280K, reserved 1048576K
}
Event: 2.447 GC heap before
{Heap before GC invocations=2 (full 0):
 garbage-first heap   total 65536K, used 32225K [0x00000000fc000000, 0x0000000100000000)
  region size 1024K, 25 young (25600K), 2 survivors (2048K)
 Metaspace       used 15562K, capacity 15853K, committed 16000K, reserved 1062912K
  class space    used 1781K, capacity 1906K, committed 1920K, reserved 1048576K
}
Event: 2.451 GC heap after
{Heap after GC invocations=3 (full 0):
 garbage-first heap   total 65536K, used 11334K [0x00000000fc000000, 0x0000000100000000)
  region size 1024K, 4 young (4096K), 4 survivors (4096K)
 Metaspace       used 15562K, capacity 15853K, committed 16000K, reserved 1062912K
  class space    used 1781K, capacity 1906K, committed 1920K, reserved 1048576K
}

