# JRE version: Java(TM) SE Runtime Environment 18.9 (11.0.14+8) (build 11.0.14+8-LTS-263)
# Java VM: Java HotSpot(TM) 64-Bit Server VM 18.9 (11.0.14+8-LTS-263, mixed mode, tiered, compressed oops, g1 gc, windows-amd64)
Heap:
 garbage-first heap   total 459776K, used 262848K [0x0000000080000000, 0x0000000100000000)
  region size 1024K, 5 young (5120K), 5 survivors (5120K)
 Metaspace       used 132434K, capacity 137310K, committed 137552K, reserved 634880K
  class space    used 17402K, capacity 19349K, committed 19456K, reserved 516096K
GC Heap History (10 events):
Event: 70.765 GC heap after
{Heap after GC invocations=137 (full 0):
 garbage-first heap   total 284672K, used 248294K [0x0000000080000000, 0x0000000100000000)
  region size 1024K, 1 young (1024K), 1 survivors (1024K)
 Metaspace       used 132303K, capacity 137279K, committed 137552K, reserved 634880K
  class space    used 17392K, capacity 19340K, committed 19456K, reserved 516096K
}
Event: 70.872 GC heap before
{Heap before GC invocations=137 (full 0):
 garbage-first heap   total 284672K, used 260582K [0x0000000080000000, 0x0000000100000000)
  region size 1024K, 13 young (13312K), 1 survivors (1024K)
 Metaspace       used 132303K, capacity 137279K, committed 137552K, reserved 634880K
  class space    used 17392K, capacity 19340K, committed 19456K, reserved 516096K
}
Event: 70.877 GC heap after
{Heap after GC invocations=138 (full 0):
 garbage-first heap   total 355328K, used 248236K [0x0000000080000000, 0x0000000100000000)
  region size 1024K, 1 young (1024K), 1 survivors (1024K)
 Metaspace       used 132303K, capacity 137279K, committed 137552K, reserved 634880K
  class space    used 17392K, capacity 19340K, committed 19456K, reserved 516096K
}
Event: 71.216 GC heap before
{Heap before GC invocations=138 (full 0):
 garbage-first heap   total 355328K, used 283052K [0x0000000080000000, 0x0000000100000000)
  region size 1024K, 35 young (35840K), 1 survivors (1024K)
 Metaspace       used 132326K, capacity 137282K, committed 137552K, reserved 634880K
  class space    used 17392K, capacity 19340K, committed 19456K, reserved 516096K
}
Event: 71.220 GC heap after
{Heap after GC invocations=139 (full 0):
 garbage-first heap   total 355328K, used 249344K [0x0000000080000000, 0x0000000100000000)
  region size 1024K, 3 young (3072K), 3 survivors (3072K)
 Metaspace       used 132326K, capacity 137282K, committed 137552K, reserved 634880K
  class space    used 17392K, capacity 19340K, committed 19456K, reserved 516096K
}
Event: 71.638 GC heap before
{Heap before GC invocations=139 (full 0):
 garbage-first heap   total 355328K, used 287232K [0x0000000080000000, 0x0000000100000000)
  region size 1024K, 39 young (39936K), 3 survivors (3072K)
 Metaspace       used 132383K, capacity 137295K, committed 137552K, reserved 634880K
  class space    used 17399K, capacity 19345K, committed 19456K, reserved 516096K
}
Event: 71.646 GC heap after
{Heap after GC invocations=140 (full 0):
 garbage-first heap   total 355328K, used 253992K [0x0000000080000000, 0x0000000100000000)
  region size 1024K, 5 young (5120K), 5 survivors (5120K)
 Metaspace       used 132383K, capacity 137295K, committed 137552K, reserved 634880K
  class space    used 17399K, capacity 19345K, committed 19456K, reserved 516096K
}
Event: 71.974 GC heap before
{Heap before GC invocations=140 (full 0):
 garbage-first heap   total 355328K, used 289832K [0x0000000080000000, 0x0000000100000000)
  region size 1024K, 40 young (40960K), 5 survivors (5120K)
 Metaspace       used 132391K, capacity 137295K, committed 137552K, reserved 634880K
  class space    used 17399K, capacity 19345K, committed 19456K, reserved 516096K
}
Event: 71.982 GC heap after
{Heap after GC invocations=141 (full 0):
 garbage-first heap   total 355328K, used 257610K [0x0000000080000000, 0x0000000100000000)
  region size 1024K, 5 young (5120K), 5 survivors (5120K)
 Metaspace       used 132391K, capacity 137295K, committed 137552K, reserved 634880K
  class space    used 17399K, capacity 19345K, committed 19456K, reserved 516096K
}
Event: 72.188 GC heap before
{Heap before GC invocations=141 (full 0):
 garbage-first heap   total 355328K, used 292426K [0x0000000080000000, 0x0000000100000000)
  region size 1024K, 40 young (40960K), 5 survivors (5120K)
 Metaspace       used 132434K, capacity 137310K, committed 137552K, reserved 634880K
  class space    used 17402K, capacity 19349K, committed 19456K, reserved 516096K
}

